build/app/outputs/mapping/release/seeds.txt
com.example.act_steel_frontend.MainActivity: MainActivity()
com.example.act_steel_frontend.MainActivity
...
io.flutter.embedding.engine.FlutterJNI: boolean isCodePointRegionalIndicator(int)
androidx.window.embedding.EmbeddingCompat: EmbeddingCompat()
androidx.window.layout.SidecarCompat$registerConfigurationChangeListener$configChangeObserver$1: androidx.window.layout.SidecarCompat this$0
androidx.window.embedding.ActivityFilter: ActivityFilter(android.content.ComponentName,java.lang.String)
androidx.window.embedding.ActivityRule: java.util.Set getFilters()
androidx.window.embedding.SplitController: java.util.concurrent.locks.ReentrantLock globalLock
androidx.window.embedding.SplitController: boolean sDebug
androidx.window.layout.FoldingFeature$State: FoldingFeature$State(java.lang.String)
androidx.window.layout.HardwareFoldingFeature$Type: androidx.window.layout.HardwareFoldingFeature$Type access$getFOLD$cp()
io.flutter.embedding.android.TransparencyMode: io.flutter.embedding.android.TransparencyMode valueOf(java.lang.String)
io.flutter.embedding.android.FlutterView: io.flutter.embedding.engine.FlutterEngine getAttachedFlutterEngine()
kotlinx.coroutines.EventLoopImplBase: java.lang.Object _queue
io.flutter.embedding.engine.FlutterJNI: io.flutter.embedding.engine.dart.PlatformMessageHandler platformMessageHandler
androidx.window.layout.SidecarCompat$FirstAttachAdapter: SidecarCompat$FirstAttachAdapter(androidx.window.layout.SidecarCompat,android.app.Activity)
kotlinx.coroutines.android.AndroidDispatcherFactory: AndroidDispatcherFactory()
androidx.window.java.layout.WindowInfoTrackerCallbackAdapter$addListener$1$1: WindowInfoTrackerCallbackAdapter$addListener$1$1(kotlinx.coroutines.flow.Flow,androidx.core.util.Consumer,kotlin.coroutines.Continuation)
io.flutter.embedding.android.FlutterImageView
io.flutter.embedding.engine.FlutterJNI: void nativeSurfaceCreated(long,android.view.Surface)
kotlinx.coroutines.channels.BufferOverflow: kotlinx.coroutines.channels.BufferOverflow valueOf(java.lang.String)
androidx.window.embedding.EmbeddingCompat$Companion: boolean isEmbeddingAvailable()
androidx.window.layout.WindowInfoTrackerImpl$windowLayoutInfo$1: int label
androidx.window.layout.HardwareFoldingFeature: HardwareFoldingFeature(androidx.window.core.Bounds,androidx.window.layout.HardwareFoldingFeature$Type,androidx.window.layout.FoldingFeature$State)
androidx.window.embedding.EmbeddingBackend: void registerSplitListenerForActivity(android.app.Activity,java.util.concurrent.Executor,androidx.core.util.Consumer)
kotlin.coroutines.AbstractCoroutineContextElement: kotlin.coroutines.CoroutineContext$Key key
kotlinx.coroutines.CompletedExceptionally: int _handled
io.flutter.plugin.editing.ImeSyncDeferringInsetsCallback: void install()
io.flutter.embedding.android.FlutterImageView: android.view.Surface getSurface()
androidx.window.embedding.ExtensionEmbeddingBackend: void access$setGlobalInstance$cp(androidx.window.embedding.ExtensionEmbeddingBackend)
io.flutter.embedding.engine.FlutterJNI: void nativeDispatchPointerDataPacket(long,java.nio.ByteBuffer,int)
androidx.window.R$styleable
io.flutter.embedding.engine.FlutterJNI: long performNativeAttach(io.flutter.embedding.engine.FlutterJNI)
androidx.window.java.layout.WindowInfoTrackerCallbackAdapter: androidx.window.layout.WindowInfoTracker tracker
androidx.window.layout.HardwareFoldingFeature: int hashCode()
kotlin.jvm.internal.CallableReference: kotlin.reflect.KCallable getReflected()
androidx.window.embedding.SplitController: androidx.window.embedding.SplitController getInstance()
io.flutter.view.AccessibilityViewEmbedder: void copyAccessibilityFields(android.view.accessibility.AccessibilityNodeInfo,android.view.accessibility.AccessibilityNodeInfo)
androidx.window.core.Version$bigInteger$2: java.lang.Object invoke()
kotlin.coroutines.jvm.internal.BaseContinuationImpl: kotlin.coroutines.Continuation create(kotlin.coroutines.Continuation)
io.flutter.view.AccessibilityViewEmbedder
androidx.window.R$attr: int clearTop
androidx.window.core.Version: int major