build/app/outputs/mapping/release/mapping.txt
# compiler: R8
# compiler_version: 2.1.62
# min_api: 16
# pg_map_id: 44b3ed8
# common_typos_disable
...
kotlin.coroutines.intrinsics.CoroutineSingletons -> h.s.i.a:
    kotlin.coroutines.intrinsics.CoroutineSingletons UNDECIDED -> e
    kotlin.coroutines.intrinsics.CoroutineSingletons RESUMED -> f
    kotlin.coroutines.intrinsics.CoroutineSingletons COROUTINE_SUSPENDED -> d
    kotlin.coroutines.intrinsics.CoroutineSingletons[] $VALUES -> g
    kotlin.coroutines.intrinsics.CoroutineSingletons[] $values() -> a
kotlin.coroutines.intrinsics.IntrinsicsKt -> h.s.i.b:
    kotlin.coroutines.Continuation createCoroutineUnintercepted(kotlin.jvm.functions.Function2,java.lang.Object,kotlin.coroutines.Continuation) -> a
    kotlin.coroutines.Continuation intercepted(kotlin.coroutines.Continuation) -> b
    java.lang.Object getCOROUTINE_SUSPENDED() -> c
kotlin.coroutines.intrinsics.IntrinsicsKt__IntrinsicsJvmKt -> h.s.i.c:
    kotlin.coroutines.Continuation createCoroutineUnintercepted(kotlin.jvm.functions.Function2,java.lang.Object,kotlin.coroutines.Continuation) -> a
    kotlin.coroutines.Continuation intercepted(kotlin.coroutines.Continuation) -> b
kotlin.coroutines.intrinsics.IntrinsicsKt__IntrinsicsJvmKt$createCoroutineUnintercepted$$inlined$createCoroutineFromSuspendFunction$IntrinsicsKt__IntrinsicsJvmKt$3 -> h.s.i.c$a:
    kotlin.jvm.functions.Function2 $this_createCoroutineUnintercepted$inlined -> f
    java.lang.Object $receiver$inlined -> g
    kotlin.coroutines.Continuation $completion -> e
    int label -> d
kotlin.coroutines.intrinsics.IntrinsicsKt__IntrinsicsJvmKt$createCoroutineUnintercepted$$inlined$createCoroutineFromSuspendFunction$IntrinsicsKt__IntrinsicsJvmKt$4 -> h.s.i.c$b:
    kotlin.jvm.functions.Function2 $this_createCoroutineUnintercepted$inlined -> g
    java.lang.Object $receiver$inlined -> h
    kotlin.coroutines.Continuation $completion -> e
    kotlin.coroutines.CoroutineContext $context -> f
    int label -> d
kotlin.coroutines.intrinsics.IntrinsicsKt__IntrinsicsKt -> h.s.i.d:
    java.lang.Object getCOROUTINE_SUSPENDED() -> c
kotlin.coroutines.jvm.internal.BaseContinuationImpl -> h.s.j.a.a:
kotlin.coroutines.jvm.internal.Boxing -> h.s.j.a.b:
    java.lang.Boolean boxBoolean(boolean) -> a
kotlin.coroutines.jvm.internal.CompletedContinuation -> h.s.j.a.c:
    kotlin.coroutines.jvm.internal.CompletedContinuation INSTANCE -> d
kotlin.coroutines.jvm.internal.ContinuationImpl -> h.s.j.a.d:
kotlin.coroutines.jvm.internal.CoroutineStackFrame -> h.s.j.a.e:
kotlin.coroutines.jvm.internal.DebugMetadata -> h.s.j.a.f:
kotlin.coroutines.jvm.internal.DebugMetadataKt -> h.s.j.a.g:
    void checkDebugMetadataVersion(int,int) -> a
    kotlin.coroutines.jvm.internal.DebugMetadata getDebugMetadataAnnotation(kotlin.coroutines.jvm.internal.BaseContinuationImpl) -> b
    int getLabel(kotlin.coroutines.jvm.internal.BaseContinuationImpl) -> c
    java.lang.StackTraceElement getStackTraceElement(kotlin.coroutines.jvm.internal.BaseContinuationImpl) -> d
kotlin.coroutines.jvm.internal.DebugProbesKt -> h.s.j.a.h:
    kotlin.coroutines.Continuation probeCoroutineCreated(kotlin.coroutines.Continuation) -> a
    void probeCoroutineResumed(kotlin.coroutines.Continuation) -> b
    void probeCoroutineSuspended(kotlin.coroutines.Continuation) -> c
kotlin.coroutines.jvm.internal.ModuleNameRetriever -> h.s.j.a.i:
    kotlin.coroutines.jvm.internal.ModuleNameRetriever$Cache notOnJava9 -> b
    kotlin.coroutines.jvm.internal.ModuleNameRetriever$Cache cache -> c
    kotlin.coroutines.jvm.internal.ModuleNameRetriever INSTANCE -> a
    kotlin.coroutines.jvm.internal.ModuleNameRetriever$Cache buildCache(kotlin.coroutines.jvm.internal.BaseContinuationImpl) -> a
    java.lang.String getModuleName(kotlin.coroutines.jvm.internal.BaseContinuationImpl) -> b
kotlin.coroutines.jvm.internal.ModuleNameRetriever$Cache -> h.s.j.a.i$a:
    java.lang.reflect.Method nameMethod -> c
    java.lang.reflect.Method getModuleMethod -> a
    java.lang.reflect.Method getDescriptorMethod -> b
kotlin.coroutines.jvm.internal.RestrictedContinuationImpl -> h.s.j.a.j: