build/app/outputs/mapping/release/usage.txt
com.example.act_steel_frontend.R$mipmap
com.example.act_steel_frontend.R$attr
com.example.act_steel_frontend.R$styleable
com.example.act_steel_frontend.R$dimen
com.example.act_steel_frontend.R$style
com.example.act_steel_frontend.R$drawable
com.example.act_steel_frontend.R$id
com.example.act_steel_frontend.R$string
com.example.act_steel_frontend.R$layout
com.example.act_steel_frontend.R$integer
com.example.act_steel_frontend.BuildConfig
com.example.act_steel_frontend.R
com.example.act_steel_frontend.R$color
...
kotlin.coroutines.cancellation.CancellationExceptionKt
kotlin.collections.ArraysKt___ArraysJvmKt$asList$8
androidx.annotation.RequiresOptIn
com.google.common.io.ByteArrayDataInput
kotlin.jvm.internal.SpreadBuilder
kotlin.UByte
kotlinx.coroutines.sync.MutexKt$withLock$1
kotlinx.coroutines.flow.internal.CombineKt$combineInternal$2$1
com.google.common.base.FinalizableSoftReference
kotlinx.coroutines.flow.FlowKt__LimitKt$takeWhile$$inlined$unsafeFlow$1$1
androidx.fragment.app.SuperNotCalledException
kotlin.annotation.Repeatable
com.google.common.collect.ForwardingSortedMap$StandardKeySet
androidx.viewpager.widget.ViewPager$MyAccessibilityDelegate
androidx.viewpager.R$attr
com.tekartik.sqflite.Constant
com.google.common.util.concurrent.RateLimiter$SleepingStopwatch
kotlin.collections.CollectionsKt__ReversedViewsKt:
    private static final int reverseElementIndex$CollectionsKt__ReversedViewsKt(java.util.List,int)
    private static final int reversePositionIndex$CollectionsKt__ReversedViewsKt(java.util.List,int)
    public static final java.util.List asReversed(java.util.List)
    public static final java.util.List asReversedMutable(java.util.List)
    public static final synthetic int access$reverseElementIndex(java.util.List,int)
    public static final synthetic int access$reversePositionIndex(java.util.List,int)
    public void <init>()
com.google.common.reflect.TypeToken$InterfaceSet$1
com.google.common.io.BaseEncoding$DecodingException
kotlinx.coroutines.android.HandlerDispatcherKt:
    public static final kotlinx.coroutines.android.HandlerDispatcher from(android.os.Handler,java.lang.String)
    public static synthetic kotlinx.coroutines.android.HandlerDispatcher from$default(android.os.Handler,java.lang.String,int,java.lang.Object)
    public static synthetic void getMain$annotations()
    public static final java.lang.Object awaitFrame(kotlin.coroutines.Continuation)
    private static final void updateChoreographerAndPostFrameCallback(kotlinx.coroutines.CancellableContinuation)
    private static final void postFrameCallback(android.view.Choreographer,kotlinx.coroutines.CancellableContinuation)
    public static final kotlinx.coroutines.android.HandlerDispatcher from(android.os.Handler)
    private static final void postFrameCallback$lambda-6(kotlinx.coroutines.CancellableContinuation,long)
    public static final synthetic void access$postFrameCallback(android.view.Choreographer,kotlinx.coroutines.CancellableContinuation)
    public static final synthetic void access$updateChoreographerAndPostFrameCallback(kotlinx.coroutines.CancellableContinuation)
    private static final long MAX_DELAY
kotlin.text.StringsKt__AppendableKt:
    public static final java.lang.Appendable appendRange(java.lang.Appendable,java.lang.CharSequence,int,int)
    public static final varargs java.lang.Appendable append(java.lang.Appendable,java.lang.CharSequence[])
    private static final java.lang.Appendable appendLine(java.lang.Appendable)
    private static final java.lang.Appendable appendLine(java.lang.Appendable,java.lang.CharSequence)
    private static final java.lang.Appendable appendLine(java.lang.Appendable,char)
    public void <init>()
com.google.common.reflect.TypeResolver$TypeTable
kotlinx.coroutines.flow.FlowKt__ChannelsKt$emitAllImpl$1
androidx.lifecycle.Transformations$1
com.google.common.collect.SortedLists$KeyAbsentBehavior
kotlin.sequences.SequencesKt___SequencesKt$filterIndexed$2
androidx.activity.OnBackPressedDispatcher$LifecycleOnBackPressedCancellable:
    void <init>(androidx.activity.OnBackPressedDispatcher,androidx.lifecycle.Lifecycle,androidx.activity.OnBackPressedCallback)
kotlinx.coroutines.channels.AbstractSendChannel$TryOfferDesc
com.google.common.collect.Multisets$5
kotlin.UByteKt
androidx.core.util.TimeUtils
kotlin.collections.unsigned.UArraysKt___UArraysKt$withIndex$1
kotlinx.coroutines.test.TimedRunnableObsolete
kotlinx.coroutines.channels.BroadcastChannel